This is pdfTeX, Version 3.1415926-2.3-1.40.12 (MiKTeX 2.9) (preloaded format=pdflatex 2011.9.19)  14 APR 2012 09:19
entering extended mode
**bare_conf_CS_new.tex

(D:\alberta\courses\664_mining_software_repositories\project\Paper_Latex-2012-0
4-14\Paper_Latex\bare_conf_CS_new.tex
LaTeX2e <2009/09/24>
Babel <v3.8l> and hyphenation patterns for english, afrikaans, ancientgreek, ar
abic, armenian, assamese, basque, bengali, bokmal, bulgarian, catalan, coptic, 
croatian, czech, danish, dutch, esperanto, estonian, farsi, finnish, french, ga
lician, german, german-x-2009-06-19, greek, gujarati, hindi, hungarian, iceland
ic, indonesian, interlingua, irish, italian, kannada, kurmanji, lao, latin, lat
vian, lithuanian, malayalam, marathi, mongolian, mongolianlmc, monogreek, ngerm
an, ngerman-x-2009-06-19, nynorsk, oriya, panjabi, pinyin, polish, portuguese, 
romanian, russian, sanskrit, serbian, slovak, slovenian, spanish, swedish, swis
sgerman, tamil, telugu, turkish, turkmen, ukenglish, ukrainian, uppersorbian, u
senglishmax, welsh, loaded.

(D:\alberta\courses\664_mining_software_repositories\project\Paper_Latex-2012-0
4-14\Paper_Latex\IEEEtran.cls
Document Class: IEEEtran 2007/03/05 V1.7a by Michael Shell
-- See the "IEEEtran_HOWTO" manual for usage information.
-- http://www.michaelshell.org/tex/ieeetran/
\@IEEEtrantmpdimenA=\dimen102
\@IEEEtrantmpdimenB=\dimen103
\@IEEEtrantmpcountA=\count79
\@IEEEtrantmpcountB=\count80
\@IEEEtrantmptoksA=\toks14
LaTeX Font Info:    Try loading font information for OT1+ptm on input line 383.

("F:\Program Files\MiKTeX 2.9\tex\latex\psnfss\ot1ptm.fd"
File: ot1ptm.fd 2001/06/04 font definitions for OT1/ptm.
)
-- Using 8.5in x 11in (letter) paper.
-- Using PDF output.
\@IEEEnormalsizeunitybaselineskip=\dimen104
-- This is a 10 point document.
\CLASSINFOnormalsizebaselineskip=\dimen105
\CLASSINFOnormalsizeunitybaselineskip=\dimen106
\IEEEnormaljot=\dimen107
LaTeX Font Info:    Font shape `OT1/ptm/bx/n' in size <5> not available
(Font)              Font shape `OT1/ptm/b/n' tried instead on input line 741.
LaTeX Font Info:    Font shape `OT1/ptm/bx/it' in size <5> not available
(Font)              Font shape `OT1/ptm/b/it' tried instead on input line 741.
LaTeX Font Info:    Font shape `OT1/ptm/bx/n' in size <7> not available
(Font)              Font shape `OT1/ptm/b/n' tried instead on input line 741.
LaTeX Font Info:    Font shape `OT1/ptm/bx/it' in size <7> not available
(Font)              Font shape `OT1/ptm/b/it' tried instead on input line 741.
LaTeX Font Info:    Font shape `OT1/ptm/bx/n' in size <8> not available
(Font)              Font shape `OT1/ptm/b/n' tried instead on input line 741.
LaTeX Font Info:    Font shape `OT1/ptm/bx/it' in size <8> not available
(Font)              Font shape `OT1/ptm/b/it' tried instead on input line 741.
LaTeX Font Info:    Font shape `OT1/ptm/bx/n' in size <9> not available
(Font)              Font shape `OT1/ptm/b/n' tried instead on input line 741.
LaTeX Font Info:    Font shape `OT1/ptm/bx/it' in size <9> not available
(Font)              Font shape `OT1/ptm/b/it' tried instead on input line 741.
LaTeX Font Info:    Font shape `OT1/ptm/bx/n' in size <10> not available
(Font)              Font shape `OT1/ptm/b/n' tried instead on input line 741.
LaTeX Font Info:    Font shape `OT1/ptm/bx/it' in size <10> not available
(Font)              Font shape `OT1/ptm/b/it' tried instead on input line 741.
LaTeX Font Info:    Font shape `OT1/ptm/bx/n' in size <11> not available
(Font)              Font shape `OT1/ptm/b/n' tried instead on input line 741.
LaTeX Font Info:    Font shape `OT1/ptm/bx/it' in size <11> not available
(Font)              Font shape `OT1/ptm/b/it' tried instead on input line 741.
LaTeX Font Info:    Font shape `OT1/ptm/bx/n' in size <12> not available
(Font)              Font shape `OT1/ptm/b/n' tried instead on input line 741.
LaTeX Font Info:    Font shape `OT1/ptm/bx/it' in size <12> not available
(Font)              Font shape `OT1/ptm/b/it' tried instead on input line 741.
LaTeX Font Info:    Font shape `OT1/ptm/bx/n' in size <17> not available
(Font)              Font shape `OT1/ptm/b/n' tried instead on input line 741.
LaTeX Font Info:    Font shape `OT1/ptm/bx/it' in size <17> not available
(Font)              Font shape `OT1/ptm/b/it' tried instead on input line 741.
LaTeX Font Info:    Font shape `OT1/ptm/bx/n' in size <20> not available
(Font)              Font shape `OT1/ptm/b/n' tried instead on input line 741.
LaTeX Font Info:    Font shape `OT1/ptm/bx/it' in size <20> not available
(Font)              Font shape `OT1/ptm/b/it' tried instead on input line 741.
LaTeX Font Info:    Font shape `OT1/ptm/bx/n' in size <24> not available
(Font)              Font shape `OT1/ptm/b/n' tried instead on input line 741.
LaTeX Font Info:    Font shape `OT1/ptm/bx/it' in size <24> not available
(Font)              Font shape `OT1/ptm/b/it' tried instead on input line 741.
\IEEEilabelindentA=\dimen108
\IEEEilabelindentB=\dimen109
\IEEEilabelindent=\dimen110
\IEEEelabelindent=\dimen111
\IEEEdlabelindent=\dimen112
\IEEElabelindent=\dimen113
\IEEEiednormlabelsep=\dimen114
\IEEEiedmathlabelsep=\dimen115
\IEEEiedtopsep=\skip41
\c@section=\count81
\c@subsection=\count82
\c@subsubsection=\count83
\c@paragraph=\count84
\c@IEEEsubequation=\count85
\abovecaptionskip=\skip42
\belowcaptionskip=\skip43
\c@figure=\count86
\c@table=\count87
\@IEEEeqnnumcols=\count88
\@IEEEeqncolcnt=\count89
\@IEEEtmpitemindent=\dimen116
\c@IEEEbiography=\count90
\@IEEEtranrubishbin=\box26
) ("F:\Program Files\MiKTeX 2.9\tex\latex\graphics\graphicx.sty"
Package: graphicx 1999/02/16 v1.0f Enhanced LaTeX Graphics (DPC,SPQR)

("F:\Program Files\MiKTeX 2.9\tex\latex\graphics\keyval.sty"
Package: keyval 1999/03/16 v1.13 key=value parser (DPC)
\KV@toks@=\toks15
)
("F:\Program Files\MiKTeX 2.9\tex\latex\graphics\graphics.sty"
Package: graphics 2009/02/05 v1.0o Standard LaTeX Graphics (DPC,SPQR)

("F:\Program Files\MiKTeX 2.9\tex\latex\graphics\trig.sty"
Package: trig 1999/03/16 v1.09 sin cos tan (DPC)
)
("F:\Program Files\MiKTeX 2.9\tex\latex\00miktex\graphics.cfg"
File: graphics.cfg 2007/01/18 v1.5 graphics configuration of teTeX/TeXLive
)
Package graphics Info: Driver file: pdftex.def on input line 91.

("F:\Program Files\MiKTeX 2.9\tex\latex\pdftex-def\pdftex.def"
File: pdftex.def 2011/05/27 v0.06d Graphics/color for pdfTeX

("F:\Program Files\MiKTeX 2.9\tex\generic\oberdiek\infwarerr.sty"
Package: infwarerr 2010/04/08 v1.3 Providing info/warning/message (HO)
)
("F:\Program Files\MiKTeX 2.9\tex\generic\oberdiek\ltxcmds.sty"
Package: ltxcmds 2011/04/18 v1.20 LaTeX kernel commands for general use (HO)
)
\Gread@gobject=\count91
))
\Gin@req@height=\dimen117
\Gin@req@width=\dimen118
)
("F:\Program Files\MiKTeX 2.9\tex\latex\amsfonts\amssymb.sty"
Package: amssymb 2009/06/22 v3.00

("F:\Program Files\MiKTeX 2.9\tex\latex\amsfonts\amsfonts.sty"
Package: amsfonts 2009/06/22 v3.00 Basic AMSFonts support
\@emptytoks=\toks16
\symAMSa=\mathgroup4
\symAMSb=\mathgroup5
LaTeX Font Info:    Overwriting math alphabet `\mathfrak' in version `bold'
(Font)                  U/euf/m/n --> U/euf/b/n on input line 96.
))
("F:\Program Files\MiKTeX 2.9\tex\latex\ams\math\amstext.sty"
Package: amstext 2000/06/29 v2.01

("F:\Program Files\MiKTeX 2.9\tex\latex\ams\math\amsgen.sty"
File: amsgen.sty 1999/11/30 v2.0
\@emptytoks=\toks17
\ex@=\dimen119
))
("F:\Program Files\MiKTeX 2.9\tex\latex\ams\math\amsmath.sty"
Package: amsmath 2000/07/18 v2.13 AMS math features
\@mathmargin=\skip44

For additional information on amsmath, use the `?' option.
("F:\Program Files\MiKTeX 2.9\tex\latex\ams\math\amsbsy.sty"
Package: amsbsy 1999/11/29 v1.2d
\pmbraise@=\dimen120
)
("F:\Program Files\MiKTeX 2.9\tex\latex\ams\math\amsopn.sty"
Package: amsopn 1999/12/14 v2.01 operator names
)
\inf@bad=\count92
LaTeX Info: Redefining \frac on input line 211.
\uproot@=\count93
\leftroot@=\count94
LaTeX Info: Redefining \overline on input line 307.
\classnum@=\count95
\DOTSCASE@=\count96
LaTeX Info: Redefining \ldots on input line 379.
LaTeX Info: Redefining \dots on input line 382.
LaTeX Info: Redefining \cdots on input line 467.
\Mathstrutbox@=\box27
\strutbox@=\box28
\big@size=\dimen121
LaTeX Font Info:    Redeclaring font encoding OML on input line 567.
LaTeX Font Info:    Redeclaring font encoding OMS on input line 568.
\macc@depth=\count97
\c@MaxMatrixCols=\count98
\dotsspace@=\muskip10
\c@parentequation=\count99
\dspbrk@lvl=\count100
\tag@help=\toks18
\row@=\count101
\column@=\count102
\maxfields@=\count103
\andhelp@=\toks19
\eqnshift@=\dimen122
\alignsep@=\dimen123
\tagshift@=\dimen124
\tagwidth@=\dimen125
\totwidth@=\dimen126
\lineht@=\dimen127
\@envbody=\toks20
\multlinegap=\skip45
\multlinetaggap=\skip46
\mathdisplay@stack=\toks21
LaTeX Info: Redefining \[ on input line 2666.
LaTeX Info: Redefining \] on input line 2667.
)
("F:\Program Files\MiKTeX 2.9\tex\latex\preprint\balance.sty"
Package: balance 1999/02/23 4.3 (PWD)
\oldvsize=\dimen128
)
("F:\Program Files\MiKTeX 2.9\tex\latex\hyperref\hyperref.sty"
Package: hyperref 2011/04/17 v6.82g Hypertext links for LaTeX

("F:\Program Files\MiKTeX 2.9\tex\generic\oberdiek\hobsub-hyperref.sty"
Package: hobsub-hyperref 2011/04/23 v1.4 Bundle oberdiek, subset hyperref (HO)

("F:\Program Files\MiKTeX 2.9\tex\generic\oberdiek\hobsub-generic.sty"
Package: hobsub-generic 2011/04/23 v1.4 Bundle oberdiek, subset generic (HO)
Package: hobsub 2011/04/23 v1.4 Subsetting bundle oberdiek (HO)
Package hobsub Info: Skipping package `infwarerr' (already loaded).
Package hobsub Info: Skipping package `ltxcmds' (already loaded).
Package: ifluatex 2010/03/01 v1.3 Provides the ifluatex switch (HO)
Package ifluatex Info: LuaTeX not detected.
Package: ifvtex 2010/03/01 v1.5 Switches for detecting VTeX and its modes (HO)
Package ifvtex Info: VTeX not detected.
Package: intcalc 2007/09/27 v1.1 Expandable integer calculations (HO)
Package: ifpdf 2011/01/30 v2.3 Provides the ifpdf switch (HO)
Package ifpdf Info: pdfTeX in PDF mode is detected.
Package: etexcmds 2011/02/16 v1.5 Prefix for e-TeX command names (HO)
Package etexcmds Info: Could not find \expanded.
(etexcmds)             That can mean that you are not using pdfTeX 1.50 or
(etexcmds)             that some package has redefined \expanded.
(etexcmds)             In the latter case, load this package earlier.
Package: kvsetkeys 2011/04/07 v1.13 Key value parser (HO)
Package: kvdefinekeys 2011/04/07 v1.3 Defining keys (HO)
Package: pdftexcmds 2011/04/22 v0.16 Utilities of pdfTeX for LuaTeX (HO)
Package pdftexcmds Info: LuaTeX not detected.
Package pdftexcmds Info: \pdf@primitive is available.
Package pdftexcmds Info: \pdf@ifprimitive is available.
Package pdftexcmds Info: \pdfdraftmode found.
Package: pdfescape 2011/04/04 v1.12 Provides string conversions (HO)
Package: bigintcalc 2011/01/30 v1.2 Expandable big integer calculations (HO)
Package: bitset 2011/01/30 v1.1 Data type bit set (HO)
Package: uniquecounter 2011/01/30 v1.2 Provides unlimited unique counter (HO)
)
Package hobsub Info: Skipping package `hobsub' (already loaded).
Package: letltxmacro 2010/09/02 v1.4 Let assignment for LaTeX macros (HO)
Package: hopatch 2011/01/30 v1.0 Wrapper for package hooks (HO)
Package: xcolor-patch 2011/01/30 xcolor patch
Package: atveryend 2011/04/23 v1.7 Hooks at very end of document (HO)
Package atveryend Info: \enddocument detected (standard).
Package: atbegshi 2011/01/30 v1.15 At begin shipout hook (HO)
Package: refcount 2010/12/01 v3.2 Data extraction from references (HO)
Package: hycolor 2011/01/30 v1.7 Color options of hyperref/bookmark (HO)
)
("F:\Program Files\MiKTeX 2.9\tex\generic\ifxetex\ifxetex.sty"
Package: ifxetex 2010/09/12 v0.6 Provides ifxetex conditional
)
("F:\Program Files\MiKTeX 2.9\tex\latex\oberdiek\kvoptions.sty"
Package: kvoptions 2010/12/23 v3.10 Keyval support for LaTeX options (HO)
)
\@linkdim=\dimen129
\Hy@linkcounter=\count104
\Hy@pagecounter=\count105

("F:\Program Files\MiKTeX 2.9\tex\latex\hyperref\pd1enc.def"
File: pd1enc.def 2011/04/17 v6.82g Hyperref: PDFDocEncoding definition (HO)
)
\Hy@SavedSpaceFactor=\count106

("F:\Program Files\MiKTeX 2.9\tex\latex\00miktex\hyperref.cfg"
File: hyperref.cfg 2002/06/06 v1.2 hyperref configuration of TeXLive
)
Package hyperref Info: Hyper figures OFF on input line 4026.
Package hyperref Info: Link nesting OFF on input line 4031.
Package hyperref Info: Hyper index ON on input line 4034.
Package hyperref Info: Plain pages OFF on input line 4041.
Package hyperref Info: Backreferencing OFF on input line 4046.
Package hyperref Info: Implicit mode ON; LaTeX internals redefined.
Package hyperref Info: Bookmarks ON on input line 4264.
\c@Hy@tempcnt=\count107

("F:\Program Files\MiKTeX 2.9\tex\latex\ltxmisc\url.sty"
\Urlmuskip=\muskip11
Package: url 2006/04/12  ver 3.3  Verb mode for urls, etc.
)
LaTeX Info: Redefining \url on input line 4617.
\Fld@menulength=\count108
\Field@Width=\dimen130
\Fld@charsize=\dimen131
Package hyperref Info: Hyper figures OFF on input line 5701.
Package hyperref Info: Link nesting OFF on input line 5706.
Package hyperref Info: Hyper index ON on input line 5709.
Package hyperref Info: backreferencing OFF on input line 5716.
Package hyperref Info: Link coloring OFF on input line 5721.
Package hyperref Info: Link coloring with OCG OFF on input line 5726.
Package hyperref Info: PDF/A mode OFF on input line 5731.
LaTeX Info: Redefining \ref on input line 5771.
LaTeX Info: Redefining \pageref on input line 5775.
\Hy@abspage=\count109
\c@Item=\count110
\c@Hfootnote=\count111
)

Package hyperref Message: Driver (autodetected): hpdftex.

("F:\Program Files\MiKTeX 2.9\tex\latex\hyperref\hpdftex.def"
File: hpdftex.def 2011/04/17 v6.82g Hyperref driver for pdfTeX
\Fld@listcount=\count112
\c@bookmark@seq@number=\count113

("F:\Program Files\MiKTeX 2.9\tex\latex\oberdiek\rerunfilecheck.sty"
Package: rerunfilecheck 2011/04/15 v1.7 Rerun checks for auxiliary files (HO)
Package uniquecounter Info: New unique counter `rerunfilecheck' on input line 2
82.
)
\Hy@SectionHShift=\skip47
)
("F:\Program Files\MiKTeX 2.9\tex\latex\multirow\multirow.sty"
\bigstrutjot=\dimen132
)
(D:\alberta\courses\664_mining_software_repositories\project\Paper_Latex-2012-0
4-14\Paper_Latex\bare_conf_CS_new.aux)
LaTeX Font Info:    Checking defaults for OML/cmm/m/it on input line 353.
LaTeX Font Info:    ... okay on input line 353.
LaTeX Font Info:    Checking defaults for T1/cmr/m/n on input line 353.
LaTeX Font Info:    ... okay on input line 353.
LaTeX Font Info:    Checking defaults for OT1/cmr/m/n on input line 353.
LaTeX Font Info:    ... okay on input line 353.
LaTeX Font Info:    Checking defaults for OMS/cmsy/m/n on input line 353.
LaTeX Font Info:    ... okay on input line 353.
LaTeX Font Info:    Checking defaults for OMX/cmex/m/n on input line 353.
LaTeX Font Info:    ... okay on input line 353.
LaTeX Font Info:    Checking defaults for U/cmr/m/n on input line 353.
LaTeX Font Info:    ... okay on input line 353.
LaTeX Font Info:    Checking defaults for PD1/pdf/m/n on input line 353.
LaTeX Font Info:    ... okay on input line 353.

("F:\Program Files\MiKTeX 2.9\tex\context\base\supp-pdf.mkii"
[Loading MPS to PDF converter (version 2006.09.02).]
\scratchcounter=\count114
\scratchdimen=\dimen133
\scratchbox=\box29
\nofMPsegments=\count115
\nofMParguments=\count116
\everyMPshowfont=\toks22
\MPscratchCnt=\count117
\MPscratchDim=\dimen134
\MPnumerator=\count118
\everyMPtoPDFconversion=\toks23
)
\AtBeginShipoutBox=\box30
Package hyperref Info: Link coloring OFF on input line 353.
 ("F:\Program Files\MiKTeX 2.9\tex\latex\hyperref\nameref.sty"
Package: nameref 2010/04/30 v2.40 Cross-referencing by name of section

("F:\Program Files\MiKTeX 2.9\tex\generic\oberdiek\gettitlestring.sty"
Package: gettitlestring 2010/12/03 v1.4 Cleanup title references (HO)
)
\c@section@level=\count119
)
LaTeX Info: Redefining \ref on input line 353.
LaTeX Info: Redefining \pageref on input line 353.
LaTeX Info: Redefining \nameref on input line 353.

(D:\alberta\courses\664_mining_software_repositories\project\Paper_Latex-2012-0
4-14\Paper_Latex\bare_conf_CS_new.out)
(D:\alberta\courses\664_mining_software_repositories\project\Paper_Latex-2012-0
4-14\Paper_Latex\bare_conf_CS_new.out)
\@outlinefile=\write3
LaTeX Font Info:    Font shape `OT1/ptm/bx/n' in size <14> not available
(Font)              Font shape `OT1/ptm/b/n' tried instead on input line 405.
LaTeX Font Info:    Try loading font information for OMS+ptm on input line 405.


("F:\Program Files\MiKTeX 2.9\tex\latex\psnfss\omsptm.fd"
File: omsptm.fd 
)
LaTeX Font Info:    Font shape `OMS/ptm/m/it' in size <10> not available
(Font)              Font shape `OMS/cmsy/m/n' tried instead on input line 405.
LaTeX Font Info:    Try loading font information for U+msa on input line 431.

("F:\Program Files\MiKTeX 2.9\tex\latex\amsfonts\umsa.fd"
File: umsa.fd 2009/06/22 v3.00 AMS symbols A
)
LaTeX Font Info:    Try loading font information for U+msb on input line 431.

("F:\Program Files\MiKTeX 2.9\tex\latex\amsfonts\umsb.fd"
File: umsb.fd 2009/06/22 v3.00 AMS symbols B
)
Overfull \hbox (1.25832pt too wide) in paragraph at lines 431--431
[][][][][]$\OT1/ptm/m/n/8 http : / / asymco . com / 2011 / 11 / 17 / the-[]glob
al-[]smartphone-[]market-[]landscape$[]| 
 []

Missing character: There is no ‚ in font ptmr7t!
Missing character: There is no Ä in font ptmr7t!
Missing character: There is no ô in font ptmr7t!
Missing character: There is no ‚ in font ptmr7t!
Missing character: There is no Ä in font ptmr7t!
Missing character: There is no ô in font ptmr7t!
Missing character: There is no ‚ in font ptmr7t!
Missing character: There is no Ä in font ptmr7t!
Missing character: There is no ô in font ptmr7t!
[1{C:/ProgramData/MiKTeX/2.9/pdftex/config/pdftex.map}


]

LaTeX Warning: Citation `(' on page 2 undefined on input line 487.


Overfull \hbox (14.14308pt too wide) in paragraph at lines 499--514
 [][] 
 []

Missing character: There is no ‚ in font ptmr7t!
Missing character: There is no Ä in font ptmr7t!
Missing character: There is no ô in font ptmr7t!

LaTeX Warning: Command \l invalid in math mode on input line 525.

[2]

LaTeX Warning: Command \l invalid in math mode on input line 527.


LaTeX Warning: Command \l invalid in math mode on input line 527.


LaTeX Warning: Command \l invalid in math mode on input line 529.


LaTeX Warning: Command \l invalid in math mode on input line 529.


Overfull \hbox (15.64706pt too wide) in paragraph at lines 554--573
 [][] 
 []

<htcsim.png, id=152, 1409.265pt x 548.0475pt>
File: htcsim.png Graphic file (type png)
 <use htcsim.png>
Package pdftex.def Info: htcsim.png used on input line 583.
(pdftex.def)             Requested size: 505.89pt x 196.72829pt.

<motosim.png, id=154, 1302.8675pt x 510.90875pt>
File: motosim.png Graphic file (type png)
 <use motosim.png>
Package pdftex.def Info: motosim.png used on input line 590.
(pdftex.def)             Requested size: 505.89pt x 198.38048pt.
 [3]
Underfull \vbox (badness 10000) has occurred while \output is active []


<htcldallda.png, id=175, 597.23125pt x 424.58624pt>
File: htcldallda.png Graphic file (type png)
 <use htcldallda.png>
Package pdftex.def Info: htcldallda.png used on input line 602.
(pdftex.def)             Requested size: 252.94499pt x 179.82805pt.

Overfull \hbox (9.03374pt too wide) in paragraph at lines 602--603
 [][] 
 []

<motoldallda.png, id=176, 538.01pt x 363.3575pt>
File: motoldallda.png Graphic file (type png)
 <use motoldallda.png>
Package pdftex.def Info: motoldallda.png used on input line 608.
(pdftex.def)             Requested size: 252.94499pt x 170.83348pt.

Overfull \hbox (9.03374pt too wide) in paragraph at lines 608--609
 [][] 
 []

<htcratiosim.png, id=177, 703.62875pt x 409.53pt>
File: htcratiosim.png Graphic file (type png)
 <use htcratiosim.png>
Package pdftex.def Info: htcratiosim.png used on input line 616.
(pdftex.def)             Requested size: 252.94499pt x 147.21822pt.

Overfull \hbox (9.03374pt too wide) in paragraph at lines 616--617
 [][] 
 []


Underfull \vbox (badness 10000) has occurred while \output is active []

 [4 <D:/alberta/courses/664_mining_software_repositories/project/Paper_Latex-20
12-04-14/Paper_Latex/htcsim.png> <D:/alberta/courses/664_mining_software_reposi
tories/project/Paper_Latex-2012-04-14/Paper_Latex/motosim.png>]
<motoratiosim.png, id=183, 635.37375pt x 380.42125pt>
File: motoratiosim.png Graphic file (type png)
 <use motoratiosim.png>
Package pdftex.def Info: motoratiosim.png used on input line 622.
(pdftex.def)             Requested size: 252.94499pt x 151.446pt.

Overfull \hbox (9.03374pt too wide) in paragraph at lines 622--623
 [][] 
 []

<bugovertime.png, id=184, 1430.34375pt x 643.40375pt>
File: bugovertime.png Graphic file (type png)
 <use bugovertime.png>
Package pdftex.def Info: bugovertime.png used on input line 628.
(pdftex.def)             Requested size: 505.89pt x 227.56071pt.

[5 <D:/alberta/courses/664_mining_software_repositories/project/Paper_Latex-201
2-04-14/Paper_Latex/htcldallda.png> <D:/alberta/courses/664_mining_software_rep
ositories/project/Paper_Latex-2012-04-14/Paper_Latex/motoldallda.png> <D:/alber
ta/courses/664_mining_software_repositories/project/Paper_Latex-2012-04-14/Pape
r_Latex/htcratiosim.png> <D:/alberta/courses/664_mining_software_repositories/p
roject/Paper_Latex-2012-04-14/Paper_Latex/motoratiosim.png>]
<commontopic.png, id=200, 270.01665pt x 135.71965pt>
File: commontopic.png Graphic file (type png)
 <use commontopic.png>
Package pdftex.def Info: commontopic.png used on input line 684.
(pdftex.def)             Requested size: 505.89pt x 254.29144pt.

Underfull \vbox (badness 10000) has occurred while \output is active []

 [6 <D:/alberta/courses/664_mining_software_repositories/project/Paper_Latex-20
12-04-14/Paper_Latex/bugovertime.png>] <fixtopic.png, id=211, 272.57741pt x 96.
45485pt>
File: fixtopic.png Graphic file (type png)

<use fixtopic.png>
Package pdftex.def Info: fixtopic.png used on input line 711.
(pdftex.def)             Requested size: 505.89pt x 179.02443pt.
 [7 <D:/alberta/courses/664_mining_software_repositories/project/Paper_Latex-20
12-04-14/Paper_Latex/commontopic.png>]
<uniquehtc.png, id=230, 258.63554pt x 32.15161pt>
File: uniquehtc.png Graphic file (type png)
 <use uniquehtc.png>
Package pdftex.def Info: uniquehtc.png used on input line 787.
(pdftex.def)             Requested size: 505.89pt x 62.89061pt.

<uniquemoto.png, id=231, 249.8152pt x 32.15161pt>
File: uniquemoto.png Graphic file (type png)
 <use uniquemoto.png>
Package pdftex.def Info: uniquemoto.png used on input line 794.
(pdftex.def)             Requested size: 505.89pt x 65.10907pt.
 [8 <D:/alberta/courses/664_mining_software_repositories/project/Paper_Latex-20
12-04-14/Paper_Latex/fixtopic.png>]
Missing character: There is no ‚ in font ptmr7t!
Missing character: There is no Ä in font ptmr7t!
Missing character: There is no ú in font ptmr7t!
Missing character: There is no ‚ in font ptmr7t!
Missing character: There is no Ä in font ptmr7t!
Missing character: There is no ù in font ptmr7t!
Missing character: There is no ‚ in font ptmr7t!
Missing character: There is no Ä in font ptmr7t!
Missing character: There is no ô in font ptmr7t!

Underfull \vbox (badness 7308) has occurred while \output is active []

 [9 <D:/alberta/courses/664_mining_software_repositories/project/Paper_Latex-20
12-04-14/Paper_Latex/uniquehtc.png> <D:/alberta/courses/664_mining_software_rep
ositories/project/Paper_Latex-2012-04-14/Paper_Latex/uniquemoto.png>]
Missing character: There is no ‚ in font ptmr7t!
Missing character: There is no Ä in font ptmr7t!
Missing character: There is no ì in font ptmr7t!
Missing character: There is no ‚ in font ptmr7t!
Missing character: There is no Ä in font ptmr7t!
Missing character: There is no ì in font ptmr7t!

(D:\alberta\courses\664_mining_software_repositories\project\Paper_Latex-2012-0
4-14\Paper_Latex\bare_conf_CS_new.bbl
Underfull \hbox (badness 8094) in paragraph at lines 29--31
[]\OT1/ptm/m/n/9 ``Google An-droid: It's time to end the frag-men-ta-
 []


Underfull \hbox (badness 4441) in paragraph at lines 29--31
\OT1/ptm/m/n/9 tion:,'' Web-site, []$http : / / www . zdnet . com / blog / gadg
etreviews /$
 []

Missing character: There is no ‚ in font ptmr7t!
Missing character: There is no Ä in font ptmr7t!
Missing character: There is no ô in font ptmr7t!

Underfull \hbox (badness 10000) in paragraph at lines 33--36
[]\OT1/ptm/m/n/9 ``Googles Schmidt: No An-droid frag-men-ta-tion, only
 []


Underfull \hbox (badness 10000) in paragraph at lines 33--36
\OT1/ptm/m/n/9 dif-fer-en-ti-a-tion,'' Web-site, []$http : / / www . slashgear 
. com /$
 []


Overfull \hbox (49.56207pt too wide) in paragraph at lines 33--36
$\OT1/ptm/m/n/9 googles-[]schmidt-[]no-[]android-[]fragmentation-[]only-[]dier
entiation-[]11208703$[]. 
 []


Underfull \hbox (badness 10000) in paragraph at lines 38--40
[]\OT1/ptm/m/n/9 ``On An-droid Com-pat-i-bil-ity:,'' Web-site,
 []


Underfull \hbox (badness 10000) in paragraph at lines 38--40
[]$\OT1/ptm/m/n/9 http : / / android-[]developers . blogspot . ca / 2010 / 05 /
$
 []


Package balance Warning: You have called \balance in second column
(balance)                Columns might not be balanced.

[10]
Underfull \hbox (badness 10000) in paragraph at lines 91--93
[]\OT1/ptm/m/n/9 ``A breif his-tory of An-droid,'' Web-site, []$http :$
 []


Underfull \hbox (badness 10000) in paragraph at lines 91--93
$\OT1/ptm/m/n/9 / / reviews . cnet . com / 8301-[]19736[]7-[]20016542-[]251 /$
 []


Underfull \hbox (badness 10000) in paragraph at lines 103--105
[]\OT1/ptm/m/n/9 ``HTC WiFi is-sue:,'' Web-site, []$http :$
 []


Underfull \hbox (badness 10000) in paragraph at lines 103--105
$\OT1/ptm/m/n/9 / / www . linuxfordevices . com / c / a / News /$
 []


Underfull \hbox (badness 4120) in paragraph at lines 107--109
[]\OT1/ptm/m/n/9 ``Motorola Droid:,'' Web-site, []$http : / / en . wikipedia . 
org / wiki /$
 []

)

** Conference Paper **
Before submitting the final camera ready copy, remember to:

 1. Manually equalize the lengths of two columns on the last page
 of your paper;

 2. Ensure that any PostScript and/or PDF output post-processing
 uses only Type 1 fonts and that every step in the generation
 process uses the appropriate paper size.

Package atveryend Info: Empty hook `BeforeClearDocument' on input line 1114.
[11]
Package atveryend Info: Empty hook `AfterLastShipout' on input line 1114.

(D:\alberta\courses\664_mining_software_repositories\project\Paper_Latex-2012-0
4-14\Paper_Latex\bare_conf_CS_new.aux)
Package atveryend Info: Executing hook `AtVeryEndDocument' on input line 1114.
Package atveryend Info: Executing hook `AtEndAfterFileList' on input line 1114.

Package rerunfilecheck Info: File `bare_conf_CS_new.out' has not changed.
(rerunfilecheck)             Checksum: 1E33168CE672B2ABF5AE960ED7E272A5;1468.


LaTeX Warning: There were undefined references.

Package atveryend Info: Empty hook `AtVeryVeryEnd' on input line 1114.
 ) 
Here is how much of TeX's memory you used:
 6612 strings out of 494049
 99099 string characters out of 3148474
 211907 words of memory out of 3000000
 9748 multiletter control sequences out of 15000+200000
 46529 words of font info for 96 fonts, out of 3000000 for 9000
 718 hyphenation exceptions out of 8191
 29i,8n,28p,1490b,453s stack positions out of 5000i,500n,10000p,200000b,50000s
{F:/Program Files/MiKTeX 2.9/fonts/enc/dvips/fontname/8r.enc}<F:/Program File
s/MiKTeX 2.9/fonts/type1/public/amsfonts/cm/cmex10.pfb><F:/Program Files/MiKTeX
 2.9/fonts/type1/public/amsfonts/cm/cmmi10.pfb><F:/Program Files/MiKTeX 2.9/fon
ts/type1/public/amsfonts/cm/cmmi5.pfb><F:/Program Files/MiKTeX 2.9/fonts/type1/
public/amsfonts/cm/cmmi7.pfb><F:/Program Files/MiKTeX 2.9/fonts/type1/public/am
sfonts/cm/cmr10.pfb><F:/Program Files/MiKTeX 2.9/fonts/type1/public/amsfonts/cm
/cmr7.pfb><F:/Program Files/MiKTeX 2.9/fonts/type1/public/amsfonts/cm/cmsy10.pf
b><F:/Program Files/MiKTeX 2.9/fonts/type1/public/amsfonts/cm/cmsy7.pfb><F:/Pro
gram Files/MiKTeX 2.9/fonts/type1/urw/times/utmb8a.pfb><F:/Program Files/MiKTeX
 2.9/fonts/type1/urw/times/utmbi8a.pfb><F:/Program Files/MiKTeX 2.9/fonts/type1
/urw/times/utmr8a.pfb><F:/Program Files/MiKTeX 2.9/fonts/type1/urw/times/utmri8
a.pfb>
Output written on bare_conf_CS_new.pdf (11 pages, 682164 bytes).
PDF statistics:
 347 PDF objects out of 1000 (max. 8388607)
 70 named destinations out of 1000 (max. 500000)
 232 words of extra memory for PDF output out of 10000 (max. 10000000)

