\BOOKMARK [1][-]{section.1}{Introduction}{}% 1
\BOOKMARK [1][-]{section.2}{Background}{}% 2
\BOOKMARK [1][-]{section.3}{Related Work}{}% 3
\BOOKMARK [1][-]{section.4}{Methodology}{}% 4
\BOOKMARK [2][-]{subsection.4.1}{Generating the data}{section.4}% 5
\BOOKMARK [2][-]{subsection.4.2}{Multi-labeling}{section.4}% 6
\BOOKMARK [2][-]{subsection.4.3}{Applying Labeled LDA}{section.4}% 7
\BOOKMARK [2][-]{subsection.4.4}{Applying LDA}{section.4}% 8
\BOOKMARK [2][-]{subsection.4.5}{LDA vs. Labeled LDA}{section.4}% 9
\BOOKMARK [1][-]{section.5}{Performance of LDA and Labeled LDA}{}% 10
\BOOKMARK [1][-]{section.6}{Topic Mining and Analysis}{}% 11
\BOOKMARK [2][-]{subsection.6.1}{Overview of bug reports in HTC and Motorola}{section.6}% 12
\BOOKMARK [2][-]{subsection.6.2}{Topics Analysis of HTC and Motorola}{section.6}% 13
\BOOKMARK [3][-]{subsubsection.6.2.1}{Common Troubled Topic}{subsection.6.2}% 14
\BOOKMARK [3][-]{subsubsection.6.2.2}{Common Improved Topic}{subsection.6.2}% 15
\BOOKMARK [3][-]{subsubsection.6.2.3}{Unique Topic}{subsection.6.2}% 16
\BOOKMARK [1][-]{section.7}{Discussion}{}% 17
\BOOKMARK [2][-]{subsection.7.1}{Does Android have fragmentation issues?}{section.7}% 18
\BOOKMARK [2][-]{subsection.7.2}{Who can benefit from the Topic analysis?}{section.7}% 19
\BOOKMARK [1][-]{section.8}{Threats to validity}{}% 20
\BOOKMARK [1][-]{section.9}{Conclusion and Future Work}{}% 21
\BOOKMARK [1][-]{section*.1}{References}{}% 22
